Flow report for Practica6
Mon Nov  3 14:36:48 2025
Quartus Prime Version 24.1std.0 Build 1077 03/04/2025 SC Lite Edition


---------------------
; Table of Contents ;
---------------------
  1. Legal Notice
  2. Flow Summary
  3. Flow Settings
  4. Flow Non-Default Global Settings
  5. Flow Elapsed Time
  6. Flow OS Summary
  7. Flow Log
  8. Flow Messages
  9. Flow Suppressed Messages



----------------
; Legal Notice ;
----------------
Copyright (C) 2025  Altera Corporation. All rights reserved.
Your use of Altera Corporation's design tools, logic functions 
and other software and tools, and any partner logic 
functions, and any output files from any of the foregoing 
(including device programming or simulation files), and any 
associated documentation or information are expressly subject 
to the terms and conditions of the Altera Program License 
Subscription Agreement, the Altera Quartus Prime License Agreement,
the Altera IP License Agreement, or other applicable license
agreement, including, without limitation, that your use is for
the sole purpose of programming logic devices manufactured by
Altera and sold by Altera or its authorized distributors.  Please
refer to the Altera Software License Subscription Agreements 
on the Quartus Prime software download page.



+--------------------------------------------------------------------------------------+
; Flow Summary                                                                         ;
+------------------------------------+-------------------------------------------------+
; Flow Status                        ; Successful - Mon Nov  3 14:36:44 2025           ;
; Quartus Prime Version              ; 24.1std.0 Build 1077 03/04/2025 SC Lite Edition ;
; Revision Name                      ; Practica6                                       ;
; Top-level Entity Name              ; Practica6                                       ;
; Family                             ; Cyclone IV E                                    ;
; Device                             ; EP4CE22F17C6                                    ;
; Timing Models                      ; Final                                           ;
; Total logic elements               ; 444 / 22,320 ( 2 % )                            ;
;     Total combinational functions  ; 434 / 22,320 ( 2 % )                            ;
;     Dedicated logic registers      ; 139 / 22,320 ( < 1 % )                          ;
; Total registers                    ; 139                                             ;
; Total pins                         ; 143 / 154 ( 93 % )                              ;
; Total virtual pins                 ; 0                                               ;
; Total memory bits                  ; 524,288 / 608,256 ( 86 % )                      ;
; Embedded Multiplier 9-bit elements ; 1 / 132 ( < 1 % )                               ;
; Total PLLs                         ; 0 / 4 ( 0 % )                                   ;
+------------------------------------+-------------------------------------------------+


+-----------------------------------------+
; Flow Settings                           ;
+-------------------+---------------------+
; Option            ; Setting             ;
+-------------------+---------------------+
; Start date & time ; 11/03/2025 14:36:20 ;
; Main task         ; Compilation         ;
; Revision Name     ; Practica6           ;
+-------------------+---------------------+


+------------------------------------------------------------------------------------------------------------------------------------------------+
; Flow Non-Default Global Settings                                                                                                               ;
+-------------------------------------+----------------------------------------+---------------+-------------+-----------------------------------+
; Assignment Name                     ; Value                                  ; Default Value ; Entity Name ; Section Id                        ;
+-------------------------------------+----------------------------------------+---------------+-------------+-----------------------------------+
; COMPILER_SIGNATURE_ID               ; 255268241678137.176220218009590        ; --            ; --          ; --                                ;
; EDA_GENERATE_FUNCTIONAL_NETLIST     ; Off                                    ; --            ; --          ; eda_board_design_timing           ;
; EDA_GENERATE_FUNCTIONAL_NETLIST     ; Off                                    ; --            ; --          ; eda_board_design_boundary_scan    ;
; EDA_GENERATE_FUNCTIONAL_NETLIST     ; Off                                    ; --            ; --          ; eda_board_design_signal_integrity ;
; EDA_GENERATE_FUNCTIONAL_NETLIST     ; Off                                    ; --            ; --          ; eda_board_design_symbol           ;
; MAX_CORE_JUNCTION_TEMP              ; 85                                     ; --            ; --          ; --                                ;
; MIN_CORE_JUNCTION_TEMP              ; 0                                      ; --            ; --          ; --                                ;
; NOMINAL_CORE_SUPPLY_VOLTAGE         ; 1.2V                                   ; --            ; --          ; --                                ;
; PARTITION_COLOR                     ; -- (Not supported for targeted family) ; --            ; --          ; Top                               ;
; PARTITION_FITTER_PRESERVATION_LEVEL ; -- (Not supported for targeted family) ; --            ; --          ; Top                               ;
; PARTITION_NETLIST_TYPE              ; -- (Not supported for targeted family) ; --            ; --          ; Top                               ;
; PROJECT_OUTPUT_DIRECTORY            ; output_files                           ; --            ; --          ; --                                ;
+-------------------------------------+----------------------------------------+---------------+-------------+-----------------------------------+


+--------------------------------------------------------------------------------------------------------------------------+
; Flow Elapsed Time                                                                                                        ;
+----------------------+--------------+-------------------------+---------------------+------------------------------------+
; Module Name          ; Elapsed Time ; Average Processors Used ; Peak Virtual Memory ; Total CPU Time (on all processors) ;
+----------------------+--------------+-------------------------+---------------------+------------------------------------+
; Analysis & Synthesis ; 00:00:09     ; 1.0                     ; 428 MB              ; 00:00:17                           ;
; Fitter               ; 00:00:12     ; 1.0                     ; 982 MB              ; 00:00:15                           ;
; Assembler            ; 00:00:01     ; 1.0                     ; 360 MB              ; 00:00:01                           ;
; Timing Analyzer      ; 00:00:02     ; 1.4                     ; 513 MB              ; 00:00:02                           ;
; Total                ; 00:00:24     ; --                      ; --                  ; 00:00:35                           ;
+----------------------+--------------+-------------------------+---------------------+------------------------------------+


+-----------------------------------------------------------------------------------+
; Flow OS Summary                                                                   ;
+----------------------+--------------------+---------+------------+----------------+
; Module Name          ; Machine Hostname   ; OS Name ; OS Version ; Processor type ;
+----------------------+--------------------+---------+------------+----------------+
; Analysis & Synthesis ; martin-Lenovo-Y520 ; Ubuntu  ; 24         ; x86_64         ;
; Fitter               ; martin-Lenovo-Y520 ; Ubuntu  ; 24         ; x86_64         ;
; Assembler            ; martin-Lenovo-Y520 ; Ubuntu  ; 24         ; x86_64         ;
; Timing Analyzer      ; martin-Lenovo-Y520 ; Ubuntu  ; 24         ; x86_64         ;
+----------------------+--------------------+---------+------------+----------------+


------------
; Flow Log ;
------------
quartus_map --read_settings_files=on --write_settings_files=off Practica6 -c Practica6
quartus_fit --read_settings_files=off --write_settings_files=off Practica6 -c Practica6
quartus_asm --read_settings_files=off --write_settings_files=off Practica6 -c Practica6
quartus_sta Practica6 -c Practica6



